<?xml version="1.0" encoding="UTF-8"?>
<testsuite xmlns:xsi="http://www.w3.org/2001/XMLSchema-instance" xsi:noNamespaceSchemaLocation="https://maven.apache.org/surefire/maven-surefire-plugin/xsd/surefire-test-report.xsd" name="hexi.AppTest" time="0.113" tests="1" errors="0" skipped="0" failures="0">
  <properties>
    <property name="sun.desktop" value="windows"/>
    <property name="awt.toolkit" value="sun.awt.windows.WToolkit"/>
    <property name="java.specification.version" value="11"/>
    <property name="sun.cpu.isalist" value="amd64"/>
    <property name="sun.jnu.encoding" value="GBK"/>
    <property name="java.class.path" value="C:\mdbToshp\target\test-classes;C:\mdbToshp\target\classes;D:\官网\maven-3.5.3-bin\repository\net\sf\ucanaccess\ucanaccess\5.0.0\ucanaccess-5.0.0.jar;D:\官网\maven-3.5.3-bin\repository\org\hsqldb\hsqldb\2.5.0\hsqldb-2.5.0.jar;D:\官网\maven-3.5.3-bin\repository\com\healthmarketscience\jackcess\jackcess\3.0.1\jackcess-3.0.1.jar;D:\官网\maven-3.5.3-bin\repository\org\apache\commons\commons-lang3\3.8.1\commons-lang3-3.8.1.jar;D:\官网\maven-3.5.3-bin\repository\commons-logging\commons-logging\1.2\commons-logging-1.2.jar;D:\官网\maven-3.5.3-bin\repository\junit\junit\4.12\junit-4.12.jar;D:\官网\maven-3.5.3-bin\repository\org\hamcrest\hamcrest-core\1.3\hamcrest-core-1.3.jar;D:\官网\maven-3.5.3-bin\repository\org\geotools\gt-shapefile\21.5\gt-shapefile-21.5.jar;D:\官网\maven-3.5.3-bin\repository\org\geotools\gt-main\21.5\gt-main-21.5.jar;D:\官网\maven-3.5.3-bin\repository\org\geotools\gt-referencing\21.5\gt-referencing-21.5.jar;D:\官网\maven-3.5.3-bin\repository\org\ejml\ejml-ddense\0.34\ejml-ddense-0.34.jar;D:\官网\maven-3.5.3-bin\repository\org\ejml\ejml-core\0.34\ejml-core-0.34.jar;D:\官网\maven-3.5.3-bin\repository\commons-pool\commons-pool\1.5.4\commons-pool-1.5.4.jar;D:\官网\maven-3.5.3-bin\repository\org\geotools\gt-metadata\21.5\gt-metadata-21.5.jar;D:\官网\maven-3.5.3-bin\repository\org\geotools\gt-opengis\21.5\gt-opengis-21.5.jar;D:\官网\maven-3.5.3-bin\repository\systems\uom\systems-common-java8\0.7.2\systems-common-java8-0.7.2.jar;D:\官网\maven-3.5.3-bin\repository\tec\uom\uom-se\1.0.8\uom-se-1.0.8.jar;D:\官网\maven-3.5.3-bin\repository\javax\measure\unit-api\1.0\unit-api-1.0.jar;D:\官网\maven-3.5.3-bin\repository\tec\uom\lib\uom-lib-common\1.0.2\uom-lib-common-1.0.2.jar;D:\官网\maven-3.5.3-bin\repository\si\uom\si-quantity\0.7.1\si-quantity-0.7.1.jar;D:\官网\maven-3.5.3-bin\repository\si\uom\si-units-java8\0.7.1\si-units-java8-0.7.1.jar;D:\官网\maven-3.5.3-bin\repository\jgridshift\jgridshift\1.0\jgridshift-1.0.jar;D:\官网\maven-3.5.3-bin\repository\net\sf\geographiclib\GeographicLib-Java\1.49\GeographicLib-Java-1.49.jar;D:\官网\maven-3.5.3-bin\repository\org\locationtech\jts\jts-core\1.16.0\jts-core-1.16.0.jar;D:\官网\maven-3.5.3-bin\repository\org\apache\commons\commons-text\1.6\commons-text-1.6.jar;D:\官网\maven-3.5.3-bin\repository\com\fasterxml\jackson\core\jackson-core\2.9.10\jackson-core-2.9.10.jar;D:\官网\maven-3.5.3-bin\repository\org\jdom\jdom2\2.0.6\jdom2-2.0.6.jar;D:\官网\maven-3.5.3-bin\repository\javax\media\jai_core\1.1.3\jai_core-1.1.3.jar;D:\官网\maven-3.5.3-bin\repository\commons-cli\commons-cli\1.4\commons-cli-1.4.jar;"/>
    <property name="java.vm.vendor" value="Oracle Corporation"/>
    <property name="sun.arch.data.model" value="64"/>
    <property name="user.variant" value=""/>
    <property name="java.vendor.url" value="http://java.oracle.com/"/>
    <property name="user.timezone" value="Asia/Shanghai"/>
    <property name="java.vm.specification.version" value="11"/>
    <property name="os.name" value="Windows 10"/>
    <property name="sun.java.launcher" value="SUN_STANDARD"/>
    <property name="user.country" value="CN"/>
    <property name="sun.boot.library.path" value="D:\JDK11\bin"/>
    <property name="sun.java.command" value="C:\Users\HEXI\AppData\Local\Temp\surefire13550556159763018343\surefirebooter5505987332494107141.jar C:\Users\HEXI\AppData\Local\Temp\surefire13550556159763018343 2020-04-20T21-32-38_432-jvmRun1 surefire16078402046716701244tmp surefire_04408381639248971167tmp"/>
    <property name="jdk.debug" value="release"/>
    <property name="surefire.test.class.path" value="C:\mdbToshp\target\test-classes;C:\mdbToshp\target\classes;D:\官网\maven-3.5.3-bin\repository\net\sf\ucanaccess\ucanaccess\5.0.0\ucanaccess-5.0.0.jar;D:\官网\maven-3.5.3-bin\repository\org\hsqldb\hsqldb\2.5.0\hsqldb-2.5.0.jar;D:\官网\maven-3.5.3-bin\repository\com\healthmarketscience\jackcess\jackcess\3.0.1\jackcess-3.0.1.jar;D:\官网\maven-3.5.3-bin\repository\org\apache\commons\commons-lang3\3.8.1\commons-lang3-3.8.1.jar;D:\官网\maven-3.5.3-bin\repository\commons-logging\commons-logging\1.2\commons-logging-1.2.jar;D:\官网\maven-3.5.3-bin\repository\junit\junit\4.12\junit-4.12.jar;D:\官网\maven-3.5.3-bin\repository\org\hamcrest\hamcrest-core\1.3\hamcrest-core-1.3.jar;D:\官网\maven-3.5.3-bin\repository\org\geotools\gt-shapefile\21.5\gt-shapefile-21.5.jar;D:\官网\maven-3.5.3-bin\repository\org\geotools\gt-main\21.5\gt-main-21.5.jar;D:\官网\maven-3.5.3-bin\repository\org\geotools\gt-referencing\21.5\gt-referencing-21.5.jar;D:\官网\maven-3.5.3-bin\repository\org\ejml\ejml-ddense\0.34\ejml-ddense-0.34.jar;D:\官网\maven-3.5.3-bin\repository\org\ejml\ejml-core\0.34\ejml-core-0.34.jar;D:\官网\maven-3.5.3-bin\repository\commons-pool\commons-pool\1.5.4\commons-pool-1.5.4.jar;D:\官网\maven-3.5.3-bin\repository\org\geotools\gt-metadata\21.5\gt-metadata-21.5.jar;D:\官网\maven-3.5.3-bin\repository\org\geotools\gt-opengis\21.5\gt-opengis-21.5.jar;D:\官网\maven-3.5.3-bin\repository\systems\uom\systems-common-java8\0.7.2\systems-common-java8-0.7.2.jar;D:\官网\maven-3.5.3-bin\repository\tec\uom\uom-se\1.0.8\uom-se-1.0.8.jar;D:\官网\maven-3.5.3-bin\repository\javax\measure\unit-api\1.0\unit-api-1.0.jar;D:\官网\maven-3.5.3-bin\repository\tec\uom\lib\uom-lib-common\1.0.2\uom-lib-common-1.0.2.jar;D:\官网\maven-3.5.3-bin\repository\si\uom\si-quantity\0.7.1\si-quantity-0.7.1.jar;D:\官网\maven-3.5.3-bin\repository\si\uom\si-units-java8\0.7.1\si-units-java8-0.7.1.jar;D:\官网\maven-3.5.3-bin\repository\jgridshift\jgridshift\1.0\jgridshift-1.0.jar;D:\官网\maven-3.5.3-bin\repository\net\sf\geographiclib\GeographicLib-Java\1.49\GeographicLib-Java-1.49.jar;D:\官网\maven-3.5.3-bin\repository\org\locationtech\jts\jts-core\1.16.0\jts-core-1.16.0.jar;D:\官网\maven-3.5.3-bin\repository\org\apache\commons\commons-text\1.6\commons-text-1.6.jar;D:\官网\maven-3.5.3-bin\repository\com\fasterxml\jackson\core\jackson-core\2.9.10\jackson-core-2.9.10.jar;D:\官网\maven-3.5.3-bin\repository\org\jdom\jdom2\2.0.6\jdom2-2.0.6.jar;D:\官网\maven-3.5.3-bin\repository\javax\media\jai_core\1.1.3\jai_core-1.1.3.jar;D:\官网\maven-3.5.3-bin\repository\commons-cli\commons-cli\1.4\commons-cli-1.4.jar;"/>
    <property name="sun.cpu.endian" value="little"/>
    <property name="user.home" value="C:\Users\HEXI"/>
    <property name="user.language" value="zh"/>
    <property name="java.specification.vendor" value="Oracle Corporation"/>
    <property name="java.version.date" value="2018-10-16"/>
    <property name="java.home" value="D:\JDK11"/>
    <property name="file.separator" value="\"/>
    <property name="basedir" value="C:\mdbToshp"/>
    <property name="java.vm.compressedOopsMode" value="32-bit"/>
    <property name="line.separator" value="&#10;"/>
    <property name="java.specification.name" value="Java Platform API Specification"/>
    <property name="java.vm.specification.vendor" value="Oracle Corporation"/>
    <property name="java.awt.graphicsenv" value="sun.awt.Win32GraphicsEnvironment"/>
    <property name="surefire.real.class.path" value="C:\Users\HEXI\AppData\Local\Temp\surefire13550556159763018343\surefirebooter5505987332494107141.jar"/>
    <property name="user.script" value=""/>
    <property name="sun.management.compiler" value="HotSpot 64-Bit Tiered Compilers"/>
    <property name="java.runtime.version" value="11.0.1+13-LTS"/>
    <property name="user.name" value="HEXI"/>
    <property name="path.separator" value=";"/>
    <property name="os.version" value="10.0"/>
    <property name="java.runtime.name" value="Java(TM) SE Runtime Environment"/>
    <property name="file.encoding" value="GBK"/>
    <property name="java.vm.name" value="Java HotSpot(TM) 64-Bit Server VM"/>
    <property name="java.vendor.version" value="18.9"/>
    <property name="localRepository" value="D:\官网\maven-3.5.3-bin\repository"/>
    <property name="java.vendor.url.bug" value="http://bugreport.java.com/bugreport/"/>
    <property name="java.io.tmpdir" value="C:\Users\HEXI\AppData\Local\Temp\"/>
    <property name="java.version" value="11.0.1"/>
    <property name="user.dir" value="C:\mdbToshp"/>
    <property name="os.arch" value="amd64"/>
    <property name="java.vm.specification.name" value="Java Virtual Machine Specification"/>
    <property name="java.awt.printerjob" value="sun.awt.windows.WPrinterJob"/>
    <property name="sun.os.patch.level" value=""/>
    <property name="idea.version2019.3.3" value="true"/>
    <property name="java.library.path" value="D:\JDK11\bin;C:\WINDOWS\Sun\Java\bin;C:\WINDOWS\system32;C:\WINDOWS;D:\Anaconda\condabin;D:\官网\XShell\;C:\Python27;C:\PCI Geomatics\Geomatica 2016\exe;C:\WINDOWS\system32;C:\WINDOWS;C:\WINDOWS\System32\Wbem;C:\WINDOWS\System32\WindowsPowerShell\v1.0\;C:\Program Files\Common Files\Autodesk Shared\;D:\JDK11\bin;D:\JDK11\jre\bin;C:\Program Files (x86)\GtkSharp\2.12\bin;D:\GitHub\Git\cmd;C:\WINDOWS\System32\OpenSSH\;D:\官网\maven-3.5.3-bin\apache-maven-3.5.3\bin;C:\Users\HEXI\AppData\Local\Programs\Python\Python37;C:\Program Files\dotnet\;C:\Program Files (x86)\Windows Kits\10\Windows Performance Toolkit\;C:\Program Files\MySQL\MySQL Server 8.0\bin;D:\Node.js\;D:\matLab\runtime\win64;D:\matLab\bin;D:\matLab\polyspace\bin;C:\Program Files (x86)\Intel\Intel(R) Management Engine Components\DAL;C:\Program Files\Intel\Intel(R) Management Engine Components\DAL;D:\Anaconda\Scripts\;D:\Anaconda;D:\Anaconda\Library\bin;C:\Users\HEXI\AppData\Local\Microsoft\WindowsApps;C:\Users\HEXI\AppData\Roaming\npm;;."/>
    <property name="java.vendor" value="Oracle Corporation"/>
    <property name="java.vm.info" value="mixed mode"/>
    <property name="java.vm.version" value="11.0.1+13-LTS"/>
    <property name="sun.io.unicode.encoding" value="UnicodeLittle"/>
    <property name="java.class.version" value="55.0"/>
  </properties>
  <testcase name="shouldAnswerWithTrue" classname="hexi.AppTest" time="0"/>
</testsuite>